<?xml version="1.0" encoding="UTF-8"?>
<testsuites name="jest tests" tests="4" failures="0" time="4.474">
  <testsuite name="PoundCalculator" errors="0" failures="0" skipped="0" timestamp="2019-07-29T20:56:33" time="1.71" tests="1">
    <testcase classname="PoundCalculator should render without crashing" name="PoundCalculator should render without crashing" time="0.025">
    </testcase>
  </testsuite>
  <testsuite name="undefined" errors="0" failures="0" skipped="0" timestamp="2019-07-29T20:56:33" time="1.768" tests="1">
    <testcase classname=" renders without crashing" name=" renders without crashing" time="0.043">
    </testcase>
  </testsuite>
  <testsuite name="undefined" errors="0" failures="0" skipped="0" timestamp="2019-07-29T20:56:33" time="2.239" tests="1">
    <testcase classname=" init without crashing" name=" init without crashing" time="0.003">
    </testcase>
  </testsuite>
  <testsuite name="undefined" errors="0" failures="0" skipped="0" timestamp="2019-07-29T20:56:33" time="2.264" tests="1">
    <testcase classname=" init without crashing" name=" init without crashing" time="0.003">
    </testcase>
  </testsuite>
</testsuites>