<?xml version="1.0" encoding="UTF-8"?>
<testsuites name="jest tests" tests="2" failures="1" time="3.133">
  <testsuite name="undefined" errors="0" failures="0" skipped="0" timestamp="2019-07-28T00:37:02" time="1.069" tests="1">
    <testcase classname=" renders without crashing" name=" renders without crashing" time="0.019">
    </testcase>
  </testsuite>
  <testsuite name="undefined" errors="0" failures="1" skipped="0" timestamp="2019-07-28T00:37:04" time="0.73" tests="1">
    <testcase classname=" renders without crashing" name=" renders without crashing" time="0.004">
      <failure>Error: expect(received).toBe(expected) // Object.is equality

Expected: 0
Received: 1
    at Object.toBe (C:\dev\projects\pocketplate\src\services\StoreExample.test.tsx:5:13)
    at Object.asyncJestTest (C:\dev\projects\pocketplate\node_modules\jest-jasmine2\build\jasmineAsyncInstall.js:102:37)
    at resolve (C:\dev\projects\pocketplate\node_modules\jest-jasmine2\build\queueRunner.js:43:12)
    at new Promise (&lt;anonymous&gt;)
    at mapper (C:\dev\projects\pocketplate\node_modules\jest-jasmine2\build\queueRunner.js:26:19)
    at promise.then (C:\dev\projects\pocketplate\node_modules\jest-jasmine2\build\queueRunner.js:73:41)</failure>
    </testcase>
  </testsuite>
</testsuites>